<?xml version="1.0" encoding="UTF-8"?>
<!-- Generated by org.testng.reporters.JUnitXMLReporter -->
<testsuite hostname="HP-PC" ignored="4" name="Lead" tests="2" failures="1" timestamp="23 Jun 2018 04:38:05 GMT" time="72.714" errors="0">
  <testcase name="main" time="29.796" classname="tests.EditLead">
    <failure type="java.lang.RuntimeException" message="Element not found">
      <![CDATA[java.lang.RuntimeException: Element not found
at lib.selenium.WebDriverServiceImpl.locateElement(WebDriverServiceImpl.java:44)
at tests.EditLead.main(EditLead.java:43)
... Removed 25 stack frames]]>
    </failure>
  </testcase> <!-- main -->
  <testcase name="createLead" time="21.105" classname="tests.CreateLead"/>
  <testcase name="@AfterSuite afterSuite" time="0.0" classname="lib.selenium.PreAndPost">
    <ignored/>
  </testcase> <!-- @AfterSuite afterSuite -->
  <testcase name="@BeforeTest beforeTest" time="0.0" classname="lib.selenium.PreAndPost">
    <ignored/>
  </testcase> <!-- @BeforeTest beforeTest -->
  <testcase name="@AfterTest afterTest" time="0.0" classname="lib.selenium.PreAndPost">
    <ignored/>
  </testcase> <!-- @AfterTest afterTest -->
  <testcase name="@BeforeSuite beforeSuite" time="0.0" classname="lib.selenium.PreAndPost">
    <ignored/>
  </testcase> <!-- @BeforeSuite beforeSuite -->
</testsuite> <!-- Lead -->
