<?xml version="1.0" encoding="UTF-8"?>
<!-- Generated by org.testng.reporters.JUnitXMLReporter -->
<testsuite hostname="HP-PC" ignored="0" name="Leads" tests="2" failures="2" timestamp="23 Jun 2018 04:27:02 GMT" time="37.68" errors="0">
  <testcase name="main" time="35.267" classname="tests.DuplicatedLead">
    <failure type="java.lang.RuntimeException" message="Element not found">
      <![CDATA[java.lang.RuntimeException: Element not found
at lib.selenium.WebDriverServiceImpl.locateElement(WebDriverServiceImpl.java:44)
at tests.DuplicatedLead.main(DuplicatedLead.java:40)
... Removed 25 stack frames]]>
    </failure>
  </testcase> <!-- main -->
  <testcase name="main" time="2.382" classname="tests.DeleteLead">
    <failure type="java.lang.RuntimeException">
      <![CDATA[java.lang.RuntimeException
at lib.selenium.WebDriverServiceImpl.locateElement(WebDriverServiceImpl.java:48)
at tests.DeleteLead.main(DeleteLead.java:13)
... Removed 25 stack frames]]>
    </failure>
  </testcase> <!-- main -->
</testsuite> <!-- Leads -->
